0 info it worked if it ends with ok
1 verbose cli [ 'node', '/usr/local/bin/npm', 'start' ]
2 info using npm@1.4.23
3 info using node@v0.10.31
4 verbose run-script [ 'prestart', 'start', 'poststart' ]
5 info prestart pantry@0.1.0
6 verbose unsafe-perm in lifecycle true
7 info pantry@0.1.0 Failed to exec prestart script
8 error pantry@0.1.0 prestart: `npm install`
8 error Exit status 3
9 error Failed at the pantry@0.1.0 prestart script.
9 error This is most likely a problem with the pantry package,
9 error not with npm itself.
9 error Tell the author that this fails on your system:
9 error     npm install
9 error You can get their info via:
9 error     npm owner ls pantry
9 error There is likely additional logging output above.
10 error System Darwin 10.8.0
11 error command "node" "/usr/local/bin/npm" "start"
12 error cwd /Users/francisgoulet/Sites/pantry.io
13 error node -v v0.10.31
14 error npm -v 1.4.23
15 error code ELIFECYCLE
16 verbose exit [ 1, true ]
